<?xml version="1.0" encoding="UTF-8"?>
<!-- Generated by org.testng.reporters.JUnitReportReporter -->
<testsuite hostname="LAPTOP-L2UM9ODI" failures="0" tests="2" name="in.co.website.test.DashboardTest" time="63.287" errors="0" timestamp="2025-09-08T19:22:59 IST" skipped="0">
  <testcase classname="in.co.website.test.DashboardTest" name="ClickonMyList" time="1.637"/>
  <testcase classname="in.co.website.test.DashboardTest" name="EnterForm" time="61.650"/>
</testsuite> <!-- in.co.website.test.DashboardTest -->
