<?xml version="1.0" encoding="UTF-8"?>
<!-- Generated by org.testng.reporters.JUnitReportReporter -->
<testsuite hostname="LAPTOP-L2UM9ODI" failures="0" tests="2" name="in.co.website.test.DashboardTest" time="18.011" errors="0" timestamp="2025-09-02T23:34:00 IST" skipped="0">
  <testcase classname="in.co.website.test.DashboardTest" name="ClickonMyList" time="1.870"/>
  <testcase classname="in.co.website.test.DashboardTest" name="EnterForm" time="16.141"/>
</testsuite> <!-- in.co.website.test.DashboardTest -->
