<?xml version="1.0" encoding="UTF-8"?>
<!-- Generated by org.testng.reporters.JUnitReportReporter -->
<testsuite hostname="LAPTOP-L2UM9ODI" failures="0" tests="2" name="in.co.website.test.DashboardTest" time="67.023" errors="0" timestamp="2025-09-15T00:08:11 IST" skipped="0">
  <testcase classname="in.co.website.test.DashboardTest" name="ClickonMyList" time="1.297"/>
  <testcase classname="in.co.website.test.DashboardTest" name="EnterForm" time="65.726"/>
</testsuite> <!-- in.co.website.test.DashboardTest -->
