<?xml version="1.0" encoding="UTF-8"?>
<!-- Generated by org.testng.reporters.JUnitReportReporter -->
<testsuite hostname="LAPTOP-L2UM9ODI" failures="0" tests="7" name="in.co.website.test.LoginTest" time="56.147" errors="0" timestamp="2025-09-03T02:20:09 IST" skipped="0">
  <testcase classname="in.co.website.test.LoginTest" name="loginTest" time="6.051"/>
  <testcase classname="in.co.website.test.LoginTest" name="loginTest" time="6.024"/>
  <testcase classname="in.co.website.test.LoginTest" name="loginTest" time="5.996"/>
  <testcase classname="in.co.website.test.LoginTest" name="loginTest" time="7.840"/>
  <testcase classname="in.co.website.test.LoginTest" name="loginTest" time="16.448"/>
  <testcase classname="in.co.website.test.LoginTest" name="loginTest" time="6.053"/>
  <testcase classname="in.co.website.test.LoginTest" name="loginTest" time="7.735"/>
</testsuite> <!-- in.co.website.test.LoginTest -->
