<?xml version="1.0" encoding="UTF-8"?>
<!-- Generated by org.testng.reporters.JUnitReportReporter -->
<testsuite hostname="LAPTOP-L2UM9ODI" failures="0" tests="2" name="in.co.website.test.LoginTest" time="12.454" errors="0" timestamp="2025-03-25T20:43:04 IST" skipped="0">
  <testcase classname="in.co.website.test.LoginTest" name="InvalidLogin" time="8.589"/>
  <testcase classname="in.co.website.test.LoginTest" name="ValidLogin" time="3.865"/>
</testsuite> <!-- in.co.website.test.LoginTest -->
