<?xml version="1.0" encoding="UTF-8"?>
<!-- Generated by org.testng.reporters.JUnitReportReporter -->
<testsuite hostname="LAPTOP-L2UM9ODI" failures="0" tests="2" name="in.co.website.test.DashboardTest" time="72.176" errors="0" timestamp="2025-09-18T16:04:59 IST" skipped="0">
  <testcase classname="in.co.website.test.DashboardTest" name="ClickonMyList" time="2.163"/>
  <testcase classname="in.co.website.test.DashboardTest" name="EnterForm" time="70.013"/>
</testsuite> <!-- in.co.website.test.DashboardTest -->
