<?xml version="1.0" encoding="UTF-8"?>
<!-- Generated by org.testng.reporters.JUnitReportReporter -->
<testsuite hostname="LAPTOP-L2UM9ODI" failures="0" tests="7" name="in.co.website.test.LoginTest" time="60.461" errors="0" timestamp="2025-09-03T02:04:09 IST" skipped="0">
  <testcase classname="in.co.website.test.LoginTest" name="loginTest" time="8.701"/>
  <testcase classname="in.co.website.test.LoginTest" name="loginTest" time="6.968"/>
  <testcase classname="in.co.website.test.LoginTest" name="loginTest" time="7.770"/>
  <testcase classname="in.co.website.test.LoginTest" name="loginTest" time="6.661"/>
  <testcase classname="in.co.website.test.LoginTest" name="loginTest" time="6.748"/>
  <testcase classname="in.co.website.test.LoginTest" name="loginTest" time="6.645"/>
  <testcase classname="in.co.website.test.LoginTest" name="loginTest" time="16.968"/>
</testsuite> <!-- in.co.website.test.LoginTest -->
