<?xml version="1.0" encoding="UTF-8"?>
<!-- Generated by org.testng.reporters.JUnitReportReporter -->
<testsuite hostname="LAPTOP-L2UM9ODI" failures="0" tests="7" name="in.co.website.test.LoginTest" time="52.026" errors="0" timestamp="2025-09-16T01:18:59 IST" skipped="0">
  <testcase classname="in.co.website.test.LoginTest" name="loginTest" time="6.349"/>
  <testcase classname="in.co.website.test.LoginTest" name="loginTest" time="5.885"/>
  <testcase classname="in.co.website.test.LoginTest" name="loginTest" time="5.603"/>
  <testcase classname="in.co.website.test.LoginTest" name="loginTest" time="15.806"/>
  <testcase classname="in.co.website.test.LoginTest" name="loginTest" time="5.748"/>
  <testcase classname="in.co.website.test.LoginTest" name="loginTest" time="5.746"/>
  <testcase classname="in.co.website.test.LoginTest" name="loginTest" time="6.889"/>
</testsuite> <!-- in.co.website.test.LoginTest -->
