<?xml version="1.0" encoding="UTF-8"?>
<!-- Generated by org.testng.reporters.JUnitReportReporter -->
<testsuite hostname="LAPTOP-L2UM9ODI" failures="0" tests="2" name="in.co.website.test.DashboardTest" time="67.482" errors="0" timestamp="2025-10-01T21:15:03 IST" skipped="0">
  <testcase classname="in.co.website.test.DashboardTest" name="ClickonMyList" time="1.087"/>
  <testcase classname="in.co.website.test.DashboardTest" name="EnterForm" time="66.395"/>
</testsuite> <!-- in.co.website.test.DashboardTest -->
