<?xml version="1.0" encoding="UTF-8"?>
<!-- Generated by org.testng.reporters.JUnitReportReporter -->
<testsuite hostname="LAPTOP-L2UM9ODI" failures="0" tests="1" name="in.co.website.test.LoginTest" time="17.816" errors="0" timestamp="2025-09-03T00:20:29 IST" skipped="0">
  <testcase classname="in.co.website.test.LoginTest" name="loginTest" time="17.816"/>
</testsuite> <!-- in.co.website.test.LoginTest -->
