<?xml version="1.0" encoding="UTF-8"?>
<!-- Generated by org.testng.reporters.JUnitReportReporter -->
<testsuite hostname="LAPTOP-L2UM9ODI" failures="0" tests="7" name="in.co.website.test.LoginTest" time="49.532" errors="0" timestamp="2025-10-01T21:15:03 IST" skipped="0">
  <testcase classname="in.co.website.test.LoginTest" name="loginTest" time="5.718"/>
  <testcase classname="in.co.website.test.LoginTest" name="loginTest" time="5.523"/>
  <testcase classname="in.co.website.test.LoginTest" name="loginTest" time="5.753"/>
  <testcase classname="in.co.website.test.LoginTest" name="loginTest" time="16.055"/>
  <testcase classname="in.co.website.test.LoginTest" name="loginTest" time="5.577"/>
  <testcase classname="in.co.website.test.LoginTest" name="loginTest" time="5.450"/>
  <testcase classname="in.co.website.test.LoginTest" name="loginTest" time="5.456"/>
</testsuite> <!-- in.co.website.test.LoginTest -->
