<?xml version="1.0" encoding="UTF-8"?>
<!-- Generated by org.testng.reporters.JUnitReportReporter -->
<testsuite hostname="LAPTOP-L2UM9ODI" failures="0" tests="7" name="in.co.website.test.LoginTest" time="61.986" errors="0" timestamp="2025-09-18T16:04:59 IST" skipped="0">
  <testcase classname="in.co.website.test.LoginTest" name="loginTest" time="7.269"/>
  <testcase classname="in.co.website.test.LoginTest" name="loginTest" time="8.679"/>
  <testcase classname="in.co.website.test.LoginTest" name="loginTest" time="8.063"/>
  <testcase classname="in.co.website.test.LoginTest" name="loginTest" time="7.023"/>
  <testcase classname="in.co.website.test.LoginTest" name="loginTest" time="6.575"/>
  <testcase classname="in.co.website.test.LoginTest" name="loginTest" time="17.423"/>
  <testcase classname="in.co.website.test.LoginTest" name="loginTest" time="6.954"/>
</testsuite> <!-- in.co.website.test.LoginTest -->
