<?xml version="1.0" encoding="UTF-8"?>
<!-- Generated by org.testng.reporters.JUnitReportReporter -->
<testsuite hostname="LAPTOP-L2UM9ODI" failures="0" tests="7" name="in.co.website.test.LoginTest" time="51.625" errors="0" timestamp="2025-09-08T21:23:19 IST" skipped="0">
  <testcase classname="in.co.website.test.LoginTest" name="loginTest" time="5.908"/>
  <testcase classname="in.co.website.test.LoginTest" name="loginTest" time="6.187"/>
  <testcase classname="in.co.website.test.LoginTest" name="loginTest" time="5.830"/>
  <testcase classname="in.co.website.test.LoginTest" name="loginTest" time="5.851"/>
  <testcase classname="in.co.website.test.LoginTest" name="loginTest" time="16.183"/>
  <testcase classname="in.co.website.test.LoginTest" name="loginTest" time="5.684"/>
  <testcase classname="in.co.website.test.LoginTest" name="loginTest" time="5.982"/>
</testsuite> <!-- in.co.website.test.LoginTest -->
