<?xml version="1.0" encoding="UTF-8"?>
<!-- Generated by org.testng.reporters.JUnitReportReporter -->
<testsuite hostname="LAPTOP-L2UM9ODI" failures="0" tests="1" name="in.co.website.test.LoginTest" time="16.801" errors="0" timestamp="2025-09-02T23:34:00 IST" skipped="0">
  <testcase classname="in.co.website.test.LoginTest" name="loginTest" time="16.801"/>
</testsuite> <!-- in.co.website.test.LoginTest -->
