<?xml version="1.0" encoding="UTF-8"?>
<!-- Generated by org.testng.reporters.JUnitReportReporter -->
<testsuite hostname="LAPTOP-L2UM9ODI" failures="0" tests="7" name="in.co.website.test.LoginTest" time="66.881" errors="0" timestamp="2025-09-03T02:40:20 IST" skipped="0">
  <testcase classname="in.co.website.test.LoginTest" name="loginTest" time="12.025"/>
  <testcase classname="in.co.website.test.LoginTest" name="loginTest" time="6.693"/>
  <testcase classname="in.co.website.test.LoginTest" name="loginTest" time="10.006"/>
  <testcase classname="in.co.website.test.LoginTest" name="loginTest" time="7.658"/>
  <testcase classname="in.co.website.test.LoginTest" name="loginTest" time="6.860"/>
  <testcase classname="in.co.website.test.LoginTest" name="loginTest" time="6.671"/>
  <testcase classname="in.co.website.test.LoginTest" name="loginTest" time="16.968"/>
</testsuite> <!-- in.co.website.test.LoginTest -->
