<?xml version="1.0" encoding="UTF-8"?>
<!-- Generated by org.testng.reporters.JUnitReportReporter -->
<testsuite hostname="LAPTOP-L2UM9ODI" failures="0" tests="7" name="in.co.website.test.LoginTest" time="49.769" errors="0" timestamp="2025-07-04T13:59:55 IST" skipped="0">
  <testcase classname="in.co.website.test.LoginTest" name="loginTest" time="5.544"/>
  <testcase classname="in.co.website.test.LoginTest" name="loginTest" time="6.177"/>
  <testcase classname="in.co.website.test.LoginTest" name="loginTest" time="5.550"/>
  <testcase classname="in.co.website.test.LoginTest" name="loginTest" time="15.827"/>
  <testcase classname="in.co.website.test.LoginTest" name="loginTest" time="5.566"/>
  <testcase classname="in.co.website.test.LoginTest" name="loginTest" time="5.546"/>
  <testcase classname="in.co.website.test.LoginTest" name="loginTest" time="5.559"/>
</testsuite> <!-- in.co.website.test.LoginTest -->
