<?xml version="1.0" encoding="UTF-8"?>
<!-- Generated by org.testng.reporters.JUnitReportReporter -->
<testsuite hostname="LAPTOP-L2UM9ODI" failures="0" tests="2" name="in.co.website.test.DashboardTest" time="33.975" errors="0" timestamp="2025-07-02T22:55:28 IST" skipped="0">
  <testcase classname="in.co.website.test.DashboardTest" name="ClickonMyList" time="1.173"/>
  <testcase classname="in.co.website.test.DashboardTest" name="EnterForm" time="32.802"/>
</testsuite> <!-- in.co.website.test.DashboardTest -->
