<?xml version="1.0" encoding="UTF-8"?>
<!-- Generated by org.testng.reporters.JUnitReportReporter -->
<testsuite hostname="LAPTOP-L2UM9ODI" failures="0" tests="2" name="in.co.website.test.DashboardTest" time="12.265" errors="0" timestamp="2025-03-25T20:43:04 IST" skipped="0">
  <testcase classname="in.co.website.test.DashboardTest" name="ClickonMyList" time="2.000"/>
  <testcase classname="in.co.website.test.DashboardTest" name="EnterForm" time="10.265"/>
</testsuite> <!-- in.co.website.test.DashboardTest -->
