<?xml version="1.0" encoding="UTF-8"?>
<!-- Generated by org.testng.reporters.JUnitReportReporter -->
<testsuite hostname="LAPTOP-L2UM9ODI" failures="0" tests="7" name="in.co.website.test.LoginTest" time="62.019" errors="0" timestamp="2025-07-23T23:25:16 IST" skipped="0">
  <testcase classname="in.co.website.test.LoginTest" name="loginTest" time="7.357"/>
  <testcase classname="in.co.website.test.LoginTest" name="loginTest" time="7.426"/>
  <testcase classname="in.co.website.test.LoginTest" name="loginTest" time="9.156"/>
  <testcase classname="in.co.website.test.LoginTest" name="loginTest" time="17.162"/>
  <testcase classname="in.co.website.test.LoginTest" name="loginTest" time="6.574"/>
  <testcase classname="in.co.website.test.LoginTest" name="loginTest" time="7.261"/>
  <testcase classname="in.co.website.test.LoginTest" name="loginTest" time="7.083"/>
</testsuite> <!-- in.co.website.test.LoginTest -->
