<?xml version="1.0" encoding="UTF-8"?>
<!-- Generated by org.testng.reporters.JUnitReportReporter -->
<testsuite hostname="LAPTOP-L2UM9ODI" failures="0" tests="2" name="in.co.website.test.DashboardTest" time="70.793" errors="0" timestamp="2025-09-03T02:40:20 IST" skipped="0">
  <testcase classname="in.co.website.test.DashboardTest" name="ClickonMyList" time="3.761"/>
  <testcase classname="in.co.website.test.DashboardTest" name="EnterForm" time="67.032"/>
</testsuite> <!-- in.co.website.test.DashboardTest -->
