<?xml version="1.0" encoding="UTF-8"?>
<!-- Generated by org.testng.reporters.JUnitReportReporter -->
<testsuite hostname="LAPTOP-L2UM9ODI" failures="0" tests="7" name="in.co.website.test.LoginTest" time="57.272" errors="0" timestamp="2025-09-15T00:08:11 IST" skipped="0">
  <testcase classname="in.co.website.test.LoginTest" name="loginTest" time="6.509"/>
  <testcase classname="in.co.website.test.LoginTest" name="loginTest" time="6.721"/>
  <testcase classname="in.co.website.test.LoginTest" name="loginTest" time="6.437"/>
  <testcase classname="in.co.website.test.LoginTest" name="loginTest" time="6.527"/>
  <testcase classname="in.co.website.test.LoginTest" name="loginTest" time="16.730"/>
  <testcase classname="in.co.website.test.LoginTest" name="loginTest" time="7.859"/>
  <testcase classname="in.co.website.test.LoginTest" name="loginTest" time="6.489"/>
</testsuite> <!-- in.co.website.test.LoginTest -->
