<?xml version="1.0" encoding="UTF-8"?>
<!-- Generated by org.testng.reporters.JUnitReportReporter -->
<testsuite hostname="LAPTOP-L2UM9ODI" failures="0" tests="7" name="in.co.website.test.LoginTest" time="54.515" errors="0" timestamp="2025-09-14T23:24:42 IST" skipped="0">
  <testcase classname="in.co.website.test.LoginTest" name="loginTest" time="6.912"/>
  <testcase classname="in.co.website.test.LoginTest" name="loginTest" time="6.167"/>
  <testcase classname="in.co.website.test.LoginTest" name="loginTest" time="6.225"/>
  <testcase classname="in.co.website.test.LoginTest" name="loginTest" time="16.149"/>
  <testcase classname="in.co.website.test.LoginTest" name="loginTest" time="6.905"/>
  <testcase classname="in.co.website.test.LoginTest" name="loginTest" time="6.072"/>
  <testcase classname="in.co.website.test.LoginTest" name="loginTest" time="6.085"/>
</testsuite> <!-- in.co.website.test.LoginTest -->
