<?xml version="1.0" encoding="UTF-8"?>
<!-- Generated by org.testng.reporters.JUnitReportReporter -->
<testsuite hostname="LAPTOP-L2UM9ODI" failures="0" tests="7" name="in.co.website.test.LoginTest" time="50.220" errors="0" timestamp="2025-10-01T21:40:57 IST" skipped="0">
  <testcase classname="in.co.website.test.LoginTest" name="loginTest" time="5.612"/>
  <testcase classname="in.co.website.test.LoginTest" name="loginTest" time="5.876"/>
  <testcase classname="in.co.website.test.LoginTest" name="loginTest" time="5.661"/>
  <testcase classname="in.co.website.test.LoginTest" name="loginTest" time="5.933"/>
  <testcase classname="in.co.website.test.LoginTest" name="loginTest" time="16.081"/>
  <testcase classname="in.co.website.test.LoginTest" name="loginTest" time="5.525"/>
  <testcase classname="in.co.website.test.LoginTest" name="loginTest" time="5.532"/>
</testsuite> <!-- in.co.website.test.LoginTest -->
