<?xml version="1.0" encoding="UTF-8"?>
<!-- Generated by org.testng.reporters.JUnitReportReporter -->
<testsuite hostname="LAPTOP-L2UM9ODI" failures="0" tests="4" name="Test.LoginTest" time="11.060" errors="0" timestamp="2025-03-15T16:49:31 IST" skipped="0">
  <testcase classname="Test.LoginTest" name="makeAppointment" time="1.047"/>
  <system-out/>
  <testcase classname="Test.LoginTest" name="invalidLoginTest" time="2.637"/>
  <system-out/>
  <testcase classname="Test.LoginTest" name="ValidLogin" time="3.547"/>
  <system-out/>
  <testcase classname="Test.LoginTest" name="FillForm" time="3.829"/>
  <system-out/>
</testsuite> <!-- Test.LoginTest -->
